Update date : Sat Oct 17 10:45:55 CEST 2015
 
 Table 'centros_de_trabajo' found in repository
 . Column 'idCENTROS DE TRABAJO' removed
 . Column 'idCENTROS_DE_TRABAJO' added
 (*) table 'centros_de_trabajo' updated : 2 change(s)
 
 Table 'detalle_planilla' found in repository
 (=) table 'detalle_planilla' unchanged
 
 Table 'dias_festivos_pendientes' found in repository
 (=) table 'dias_festivos_pendientes' unchanged
 
 Table 'direccion' found in repository
 (=) table 'direccion' unchanged
 
 Table 'empleados' found in repository
 . Foreign key 'fk_EMPLEADOS_TURNOS DE TRABAJO1' updated
 (*) table 'empleados' updated : 1 change(s)
 
 Table 'estados' found in repository
 (=) table 'estados' unchanged
 
 Table 'horario' found in repository
 . Foreign key 'fk_HORARIO_PUESTO DE TRABAJO1' updated
 . Foreign key 'fk_HORARIO_TURNOS DE TRABAJO1' updated
 (*) table 'horario' updated : 2 change(s)
 
 Table 'perfiles' found in repository
 (=) table 'perfiles' unchanged
 
 Table 'planillas' found in repository
 . Foreign key 'fk_PLANILLAS_PUESTO DE TRABAJO1' updated
 (*) table 'planillas' updated : 1 change(s)
 
 Table 'planillas_has_empleados' found in repository
 (=) table 'planillas_has_empleados' unchanged
 
 Table 'puesto_de_trabajo' found in repository
 . Column 'idPUESTO DE TRABAJO' removed
 . Column 'idPUESTO_DE_TRABAJO' added
 . Foreign key 'fk_PUESTO DE TRABAJO_CENTROS DE TRABAJO1' updated
 (*) table 'puesto_de_trabajo' updated : 3 change(s)
 
 Table 'tipo_fecha' found in repository
 (=) table 'tipo_fecha' unchanged
 
 Table 'turnos_de_trabajo' found in repository
 . Column 'idTURNOS DE TRABAJO' removed
 . Column 'idTURNOS_DE_TRABAJO' added
 . Foreign key 'fk_TURNOS DE TRABAJO_PUESTO DE TRABAJO1' updated
 (*) table 'turnos_de_trabajo' updated : 3 change(s)
 
 Table 'turnos_trabajo_especiales' found in repository
 . Column 'TURNOS DE TRABAJO_idTURNOS DE TRABAJO' removed
 . Column 'TURNOS_DE_TRABAJO_idTURNOS_DE_TRABAJO' added
 . Foreign key 'fk_EMPLEADOS_has_TURNOS DE TRABAJO_TURNOS DE TRABAJO1' updated
 (*) table 'turnos_trabajo_especiales' updated : 3 change(s)
 
 Table 'usuarios' found in repository
 (=) table 'usuarios' unchanged
 
 Table 'vacaciones' found in repository
 (=) table 'vacaciones' unchanged
 
 Table 'volumen_trabajo_especial' found in repository
 (=) table 'volumen_trabajo_especial' unchanged
